# JRE version: Java(TM) SE Runtime Environment (8.0_91-b15) (build 1.8.0_91-b15)
# Java VM: Java HotSpot(TM) 64-Bit Server VM (25.91-b15 mixed mode windows-amd64 compressed oops)
Heap:
 PSYoungGen      total 9728K, used 4525K [0x00000000f5f00000, 0x00000000f6980000, 0x0000000100000000)
  eden space 8704K, 43% used [0x00000000f5f00000,0x00000000f62b1070,0x00000000f6780000)
  from space 1024K, 72% used [0x00000000f6780000,0x00000000f683a610,0x00000000f6880000)
  to   space 1024K, 0% used [0x00000000f6880000,0x00000000f6880000,0x00000000f6980000)
 ParOldGen       total 22016K, used 4728K [0x00000000e1c00000, 0x00000000e3180000, 0x00000000f5f00000)
  object space 22016K, 21% used [0x00000000e1c00000,0x00000000e209e320,0x00000000e3180000)
 Metaspace       used 9867K, capacity 10074K, committed 10240K, reserved 1058816K
  class space    used 886K, capacity 955K, committed 1024K, reserved 1048576K
GC Heap History (6 events):
Event: 1.425 GC heap before
{Heap before GC invocations=1 (full 0):
 PSYoungGen      total 9728K, used 8704K [0x00000000f5f00000, 0x00000000f6980000, 0x0000000100000000)
  eden space 8704K, 100% used [0x00000000f5f00000,0x00000000f6780000,0x00000000f6780000)
  from space 1024K, 0% used [0x00000000f6880000,0x00000000f6880000,0x00000000f6980000)
  to   space 1024K, 0% used [0x00000000f6780000,0x00000000f6780000,0x00000000f6880000)
 ParOldGen       total 22016K, used 0K [0x00000000e1c00000, 0x00000000e3180000, 0x00000000f5f00000)
  object space 22016K, 0% used [0x00000000e1c00000,0x00000000e1c00000,0x00000000e3180000)
 Metaspace       used 6331K, capacity 7340K, committed 7552K, reserved 1056768K
  class space    used 547K, capacity 596K, committed 640K, reserved 1048576K
Event: 1.431 GC heap after
Heap after GC invocations=1 (full 0):
 PSYoungGen      total 9728K, used 1001K [0x00000000f5f00000, 0x00000000f6980000, 0x0000000100000000)
  eden space 8704K, 0% used [0x00000000f5f00000,0x00000000f5f00000,0x00000000f6780000)
  from space 1024K, 97% used [0x00000000f6780000,0x00000000f687a630,0x00000000f6880000)
  to   space 1024K, 0% used [0x00000000f6880000,0x00000000f6880000,0x00000000f6980000)
 ParOldGen       total 22016K, used 1645K [0x00000000e1c00000, 0x00000000e3180000, 0x00000000f5f00000)
  object space 22016K, 7% used [0x00000000e1c00000,0x00000000e1d9b798,0x00000000e3180000)
 Metaspace       used 6331K, capacity 7340K, committed 7552K, reserved 1056768K
  class space    used 547K, capacity 596K, committed 640K, reserved 1048576K
}
Event: 2.851 GC heap before
{Heap before GC invocations=2 (full 0):
 PSYoungGen      total 9728K, used 9637K [0x00000000f5f00000, 0x00000000f6980000, 0x0000000100000000)
  eden space 8704K, 99% used [0x00000000f5f00000,0x00000000f676ef70,0x00000000f6780000)
  from space 1024K, 97% used [0x00000000f6780000,0x00000000f687a630,0x00000000f6880000)
  to   space 1024K, 0% used [0x00000000f6880000,0x00000000f6880000,0x00000000f6980000)
 ParOldGen       total 22016K, used 1645K [0x00000000e1c00000, 0x00000000e3180000, 0x00000000f5f00000)
  object space 22016K, 7% used [0x00000000e1c00000,0x00000000e1d9b798,0x00000000e3180000)
 Metaspace       used 9731K, capacity 9946K, committed 10240K, reserved 1058816K
  class space    used 875K, capacity 955K, committed 1024K, reserved 1048576K
Event: 2.859 GC heap after
Heap after GC invocations=2 (full 0):
 PSYoungGen      total 9728K, used 1023K [0x00000000f5f00000, 0x00000000f6980000, 0x0000000100000000)
  eden space 8704K, 0% used [0x00000000f5f00000,0x00000000f5f00000,0x00000000f6780000)
  from space 1024K, 99% used [0x00000000f6880000,0x00000000f697fd70,0x00000000f6980000)
  to   space 1024K, 0% used [0x00000000f6780000,0x00000000f6780000,0x00000000f6880000)
 ParOldGen       total 22016K, used 3790K [0x00000000e1c00000, 0x00000000e3180000, 0x00000000f5f00000)
  object space 22016K, 17% used [0x00000000e1c00000,0x00000000e1fb3aa8,0x00000000e3180000)
 Metaspace       used 9731K, capacity 9946K, committed 10240K, reserved 1058816K
  class space    used 875K, capacity 955K, committed 1024K, reserved 1048576K
}
Event: 3.403 GC heap before
{Heap before GC invocations=3 (full 0):
 PSYoungGen      total 9728K, used 8871K [0x00000000f5f00000, 0x00000000f6980000, 0x0000000100000000)
  eden space 8704K, 90% used [0x00000000f5f00000,0x00000000f66aa0b8,0x00000000f6780000)
  from space 1024K, 99% used [0x00000000f6880000,0x00000000f697fd70,0x00000000f6980000)
  to   space 1024K, 0% used [0x00000000f6780000,0x00000000f6780000,0x00000000f6880000)
 ParOldGen       total 22016K, used 3790K [0x00000000e1c00000, 0x00000000e3180000, 0x00000000f5f00000)
  object space 22016K, 17% used [0x00000000e1c00000,0x00000000e1fb3aa8,0x00000000e3180000)
 Metaspace       used 9778K, capacity 10010K, committed 10240K, reserved 1058816K
  class space    used 877K, capacity 955K, committed 1024K, reserved 1048576K
Event: 3.407 GC heap after
Heap after GC invocations=3 (full 0):
 PSYoungGen      total 9728K, used 745K [0x00000000f5f00000, 0x00000000f6980000, 0x0000000100000000)
  eden space 8704K, 0% used [0x00000000f5f00000,0x00000000f5f00000,0x00000000f6780000)
  from space 1024K, 72% used [0x00000000f6780000,0x00000000f683a610,0x00000000f6880000)
  to   space 1024K, 0% used [0x00000000f6880000,0x00000000f6880000,0x00000000f6980000)
 ParOldGen       total 22016K, used 4728K [0x00000000e1c00000, 0x00000000e3180000, 0x00000000f5f00000)
  object space 22016K, 21% used [0x00000000e1c00000,0x00000000e209e320,0x00000000e3180000)
 Metaspace       used 9778K, capacity 10010K, committed 10240K, reserved 1058816K
  class space    used 877K, capacity 955K, committed 1024K, reserved 1048576K
}

